<?xml version="1.0" encoding="UTF-8"?>
<!-- Generated by org.testng.reporters.JUnitXMLReporter -->
<testsuite ignored="0" hostname="LAPTOP-AMUREFUO" failures="0" tests="2" name="Default test" time="31.024" errors="0" timestamp="2022-10-25T18:21:19 IST">
  <testcase classname="Lotus.SeleniumFrameworkDesign.test.StandAloneTest" name="submitorder" time="2.732"/>
  <testcase classname="Lotus.SeleniumFrameworkDesign.test.StandAloneTest" name="Orderhistory" time="0.698"/>
</testsuite> <!-- Default test -->
