<?xml version="1.0" encoding="UTF-8"?>
<!-- Generated by org.testng.reporters.JUnitXMLReporter -->
<testsuite ignored="0" hostname="LAPTOP-AMUREFUO" failures="0" tests="2" name="Errorvalidationtest" time="34.761" errors="0" timestamp="2022-10-25T19:23:58 IST">
  <testcase classname="Lotus.SeleniumFrameworkDesign.test.ErrorVlidations" name="LoginerrorValidation" time="0.406"/>
  <testcase classname="Lotus.SeleniumFrameworkDesign.test.ErrorVlidations" name="ProductErrorValidation" time="2.049"/>
</testsuite> <!-- Errorvalidationtest -->
