<?xml version="1.0" encoding="UTF-8"?>
<!-- Generated by org.testng.reporters.JUnitXMLReporter -->
<testsuite ignored="0" hostname="LAPTOP-AMUREFUO" failures="0" tests="2" name="Submitordertest" time="6.126" errors="0" timestamp="2022-10-25T19:24:04 IST">
  <testcase classname="Lotus.SeleniumFrameworkDesign.test.StandAloneTest" name="submitorder" time="2.774"/>
  <testcase classname="Lotus.SeleniumFrameworkDesign.test.StandAloneTest" name="Orderhistory" time="0.557"/>
</testsuite> <!-- Submitordertest -->
